<?xml version="1.0" encoding="UTF-8"?>
<testng-results ignored="0" total="1" passed="1" failed="0" skipped="0">
  <reporter-output>
  </reporter-output>
  <suite started-at="2021-03-05T09:26:51 IST" name="Default suite" finished-at="2021-03-05T09:27:55 IST" duration-ms="64205">
    <groups>
    </groups>
    <test started-at="2021-03-05T09:26:51 IST" name="Default test" finished-at="2021-03-05T09:27:55 IST" duration-ms="64205">
      <class name="testScript.CallDetailsValidation">
        <test-method signature="test1()[pri:0, instance:testScript.CallDetailsValidation@1e730495]" started-at="2021-03-05T09:26:51 IST" name="test1" finished-at="2021-03-05T09:27:55 IST" duration-ms="64115" status="PASS">
          <reporter-output>
          </reporter-output>
        </test-method> <!-- test1 -->
      </class> <!-- testScript.CallDetailsValidation -->
    </test> <!-- Default test -->
  </suite> <!-- Default suite -->
</testng-results>
